<?xml version="1.0" encoding="UTF-8"?>
<testsuite xmlns:xsi="http://www.w3.org/2001/XMLSchema-instance" xsi:noNamespaceSchemaLocation="https://maven.apache.org/surefire/maven-surefire-plugin/xsd/surefire-test-report-3.0.xsd" version="3.0" name="com.phegondev.usersmanagementsystem.UsersmanagementsystemApplicationTests" time="17.342" tests="1" errors="0" skipped="0" failures="0">
  <properties>
[...]
</properties>
  <testcase name="contextLoads" classname="com.phegondev.usersmanagementsystem.UsersmanagementsystemApplicationTests" time="0.814">
    <system-out><![CDATA[13:11:02.085 [main] INFO org.springframework.test.context.support.AnnotationConfigContextLoaderUtils -- Could not detect default configuration classes for test class [com.phegondev.usersmanagementsystem.UsersmanagementsystemApplicationTests]: UsersmanagementsystemApplicationTests does not declare any static, non-private, non-final, nested classes annotated with @Configuration.
13:11:02.293 [main] INFO org.springframework.boot.test.context.SpringBootTestContextBootstrapper -- Found @SpringBootConfiguration com.phegondev.usersmanagementsystem.UsersmanagementsystemApplication for test class com.phegondev.usersmanagementsystem.UsersmanagementsystemApplicationTests

  .   ____          _            __ _ _
 /\\ / ___'_ __ _ _(_)_ __  __ _ \ \ \ \
( ( )\___ | '_ | '_| | '_ \/ _` | \ \ \ \
 \\/  ___)| |_)| | | | | || (_| |  ) ) ) )
  '  |____| .__|_| |_|_| |_\__, | / / / /
 =========|_|==============|___/=/_/_/_/
 :: Spring Boot ::                (v3.2.4)

2024-10-03T13:11:04.827-04:00  INFO 13632 --- [           main] .u.UsersmanagementsystemApplicationTests : Starting UsersmanagementsystemApplicationTests using Java 21.0.3 with PID 13632 (started by danie in C:\daniel\sw1\back-examen)
2024-10-03T13:11:04.831-04:00  INFO 13632 --- [           main] .u.UsersmanagementsystemApplicationTests : No active profile set, falling back to 1 default profile: "default"
2024-10-03T13:11:06.820-04:00  INFO 13632 --- [           main] .s.d.r.c.RepositoryConfigurationDelegate : Bootstrapping Spring Data JPA repositories in DEFAULT mode.
2024-10-03T13:11:06.989-04:00  INFO 13632 --- [           main] .s.d.r.c.RepositoryConfigurationDelegate : Finished Spring Data repository scanning in 151 ms. Found 2 JPA repository interfaces.
2024-10-03T13:11:08.499-04:00  INFO 13632 --- [           main] o.hibernate.jpa.internal.util.LogHelper  : HHH000204: Processing PersistenceUnitInfo [name: default]
2024-10-03T13:11:08.602-04:00  INFO 13632 --- [           main] org.hibernate.Version                    : HHH000412: Hibernate ORM core version 6.4.4.Final
2024-10-03T13:11:08.659-04:00  INFO 13632 --- [           main] o.h.c.internal.RegionFactoryInitiator    : HHH000026: Second-level cache disabled
2024-10-03T13:11:09.136-04:00  INFO 13632 --- [           main] o.s.o.j.p.SpringPersistenceUnitInfo      : No LoadTimeWeaver setup: ignoring JPA class transformer
2024-10-03T13:11:09.263-04:00  INFO 13632 --- [           main] com.zaxxer.hikari.HikariDataSource       : HikariPool-1 - Starting...
2024-10-03T13:11:11.713-04:00  INFO 13632 --- [           main] com.zaxxer.hikari.pool.HikariPool        : HikariPool-1 - Added connection org.postgresql.jdbc.PgConnection@4948daec
2024-10-03T13:11:11.719-04:00  INFO 13632 --- [           main] com.zaxxer.hikari.HikariDataSource       : HikariPool-1 - Start completed.
2024-10-03T13:11:11.931-04:00  WARN 13632 --- [           main] org.hibernate.orm.deprecation            : HHH90000025: PostgreSQLDialect does not need to be specified explicitly using 'hibernate.dialect' (remove the property setting and it will be selected by default)
2024-10-03T13:11:13.977-04:00  INFO 13632 --- [           main] o.h.e.t.j.p.i.JtaPlatformInitiator       : HHH000489: No JTA platform available (set 'hibernate.transaction.jta.platform' to enable JTA platform integration)
2024-10-03T13:11:15.516-04:00  INFO 13632 --- [           main] j.LocalContainerEntityManagerFactoryBean : Initialized JPA EntityManagerFactory for persistence unit 'default'
2024-10-03T13:11:16.447-04:00  WARN 13632 --- [           main] JpaBaseConfiguration$JpaWebConfiguration : spring.jpa.open-in-view is enabled by default. Therefore, database queries may be performed during view rendering. Explicitly configure spring.jpa.open-in-view to disable this warning
2024-10-03T13:11:17.139-04:00  INFO 13632 --- [           main] o.s.s.web.DefaultSecurityFilterChain     : Will secure any request with [org.springframework.security.web.session.DisableEncodeUrlFilter@1c618295, org.springframework.security.web.context.request.async.WebAsyncManagerIntegrationFilter@344acc03, org.springframework.security.web.context.SecurityContextHolderFilter@787b7796, org.springframework.security.web.header.HeaderWriterFilter@281028ce, org.springframework.web.filter.CorsFilter@50eae15a, org.springframework.security.web.authentication.logout.LogoutFilter@2f09907, com.phegondev.usersmanagementsystem.config.JWTAuthFilter@19542115, org.springframework.security.web.savedrequest.RequestCacheAwareFilter@1d7f0cd0, org.springframework.security.web.servletapi.SecurityContextHolderAwareRequestFilter@325a781c, org.springframework.security.web.authentication.AnonymousAuthenticationFilter@4bba2704, org.springframework.security.web.session.SessionManagementFilter@4c57ca10, org.springframework.security.web.access.ExceptionTranslationFilter@795949fb, org.springframework.security.web.access.intercept.AuthorizationFilter@775fec4]
2024-10-03T13:11:18.139-04:00  INFO 13632 --- [           main] .u.UsersmanagementsystemApplicationTests : Started UsersmanagementsystemApplicationTests in 13.935 seconds (process running for 17.88)
]]></system-out>
    <system-err><![CDATA[WARNING: A Java agent has been loaded dynamically (C:\Users\danie\.m2\repository\net\bytebuddy\byte-buddy-agent\1.14.12\byte-buddy-agent-1.14.12.jar)
WARNING: If a serviceability tool is in use, please run with -XX:+EnableDynamicAgentLoading to hide this warning
WARNING: If a serviceability tool is not in use, please run with -Djdk.instrument.traceUsage for more information
WARNING: Dynamic loading of agents will be disallowed by default in a future release
]]></system-err>
  </testcase>
</testsuite>